[debug] [2024-05-17T10:54:42.686Z] ----------------------------------------------------------------------
[debug] [2024-05-17T10:54:42.690Z] Command:       C:\Program Files\nodejs\node.exe C:\Users\MOHAMED ABOUAMMAR\AppData\Roaming\npm\node_modules\firebase-tools\lib\bin\firebase.js init
[debug] [2024-05-17T10:54:42.690Z] CLI Version:   13.9.0
[debug] [2024-05-17T10:54:42.691Z] Platform:      win32
[debug] [2024-05-17T10:54:42.691Z] Node Version:  v20.12.2
[debug] [2024-05-17T10:54:42.691Z] Time:          Fri May 17 2024 11:54:42 GMT+0100 (GMT+01:00)
[debug] [2024-05-17T10:54:42.691Z] ----------------------------------------------------------------------
[debug] 
[debug] [2024-05-17T10:54:42.704Z] > command requires scopes: ["email","openid","https://www.googleapis.com/auth/cloudplatformprojects.readonly","https://www.googleapis.com/auth/firebase","https://www.googleapis.com/auth/cloud-platform"]
[debug] [2024-05-17T10:54:42.704Z] > authorizing via signed-in user (abouammar.med12@gmail.com)
[info] 
     ######## #### ########  ######## ########     ###     ######  ########
     ##        ##  ##     ## ##       ##     ##  ##   ##  ##       ##
     ######    ##  ########  ######   ########  #########  ######  ######
     ##        ##  ##    ##  ##       ##     ## ##     ##       ## ##
     ##       #### ##     ## ######## ########  ##     ##  ######  ########

You're about to initialize a Firebase project in this directory:

  C:\Users\MOHAMED ABOUAMMAR\Desktop\React Native\AppAmendis\my-project

[info] 
=== Project Setup
[info] 
[info] First, let's associate this project directory with a Firebase project.
[info] You can create multiple project aliases by running firebase use --add, 
[info] but for now we'll just set up a default project.
[info] 
[info] i  If you want to create a project in a Google Cloud organization or folder, please use "firebase projects:create" instead, and return to this command when you've created the project. 
[debug] [2024-05-17T10:55:07.620Z] >>> [apiv2][query] POST https://cloudresourcemanager.googleapis.com/v1/projects [none]
[debug] [2024-05-17T10:55:07.620Z] >>> [apiv2][body] POST https://cloudresourcemanager.googleapis.com/v1/projects {"projectId":"1234567","name":"1234567"}
[debug] [2024-05-17T10:55:08.988Z] <<< [apiv2][status] POST https://cloudresourcemanager.googleapis.com/v1/projects 400
[debug] [2024-05-17T10:55:08.997Z] <<< [apiv2][body] POST https://cloudresourcemanager.googleapis.com/v1/projects {"error":{"code":400,"message":"field [project_id] has issue [project_id contains invalid characters]","status":"INVALID_ARGUMENT","details":[{"@type":"type.googleapis.com/google.rpc.BadRequest","fieldViolations":[{"field":"project_id","description":"project_id contains invalid characters"}]},{"@type":"type.googleapis.com/google.rpc.Help","links":[{"url":"https://cloud.google.com/resource-manager/reference/rest/v1/projects"}]}]}}
[debug] [2024-05-17T10:55:09.316Z] FirebaseError: HTTP Error: 400, field [project_id] has issue [project_id contains invalid characters]
    at responseToError (C:\Users\MOHAMED ABOUAMMAR\AppData\Roaming\npm\node_modules\firebase-tools\lib\responseToError.js:49:12)
    at RetryOperation._fn (C:\Users\MOHAMED ABOUAMMAR\AppData\Roaming\npm\node_modules\firebase-tools\lib\apiv2.js:305:77)
    at process.processTicksAndRejections (node:internal/process/task_queues:95:5)
[error] 
[error] Error: Failed to create project. See firebase-debug.log for more info.
